This is pdfTeX, Version 3.141592653-2.6-1.40.26 (TeX Live 2024/Arch Linux) (preloaded format=pdflatex 2025.3.8)  8 MAR 2025 18:36
entering extended mode
 restricted \write18 enabled.
 %&-line parsing enabled.
**thesis.ins
(./thesis.ins
LaTeX2e <2023-11-01> patch level 1
L3 programming layer <2024-02-20>
(/usr/share/texmf-dist/tex/latex/base/docstrip.tex
\blockLevel=\count188
\emptyLines=\count189
\processedLines=\count190
\commentsRemoved=\count191
\commentsPassed=\count192
\codeLinesPassed=\count193
\TotalprocessedLines=\count194
\TotalcommentsRemoved=\count195
\TotalcommentsPassed=\count196
\TotalcodeLinesPassed=\count197
\NumberOfFiles=\count198
\inFile=\read2
\inputcheck=\read3
\off@0=\count199
\off@1=\count266
\off@2=\count267
\off@3=\count268
\off@4=\count269
\off@5=\count270
\off@6=\count271
\off@7=\count272
\off@8=\count273
\off@9=\count274
\off@10=\count275
\off@11=\count276
\off@12=\count277
\off@13=\count278
\off@14=\count279
\off@15=\count280
\@maxfiles=\count281
\@maxoutfiles=\count282

Utility: `docstrip' v2.6b <2022-09-03>
English documentation    <2023-10-10>

**********************************************************
* This program converts documented macro-files into fast *
* loadable files by stripping off (nearly) all comments! *
**********************************************************

********************************************************
* No Configuration file found, using default settings. *
********************************************************

)

Generating file(s) ./thesis.cls 
\openout0 = `./thesis.cls'.


Processing file thesis.dtx (class) -> thesis.cls
File thesis.dtx ended by \endinput.
Lines  processed: 2748
Comments removed: 640
Comments  passed: 0
Codelines passed: 2087

*********************************************************
*
* To finish the installation you have to move the
* following file into a directory searched by TeX:
*
*   thesis.cls
*
* To produce the documentation run the file thesis.dtx
* through LaTeX.
*
* Happy TeXing!
*********************************************************
*** Generating the LogoUCI.eps file ***

Generating file(s) ./LogoUCI.eps 
\openout0 = `./LogoUCI.eps'.


Processing file thesis.dtx (logo) -> LogoUCI.eps
File thesis.dtx ended by \endinput.
Lines  processed: 2748
Comments removed: 640
Comments  passed: 0
Codelines passed: 2087


Generating file(s) ./README.txt 
\openout0 = `./README.txt'.


Processing file thesis.dtx (README) -> README.txt
File thesis.dtx ended by \endinput.
Lines  processed: 2748
Comments removed: 640
Comments  passed: 0
Codelines passed: 2087


Generating file(s) ./example.tex 
\openout0 = `./example.tex'.


Processing file thesis.dtx (EXAMPLE) -> example.tex
File thesis.dtx ended by \endinput.
Lines  processed: 2748
Comments removed: 640
Comments  passed: 0
Codelines passed: 2087


Generating file(s) ./masterthesis.sty 
\openout0 = `./masterthesis.sty'.


Processing file thesis.dtx (master) -> masterthesis.sty
File thesis.dtx ended by \endinput.
Lines  processed: 2748
Comments removed: 640
Comments  passed: 0
Codelines passed: 2087

Overall statistics:
Files  processed: 5
Lines  processed: 13740
Comments removed: 3200
Comments  passed: 0
Codelines passed: 10435
 ) 
Here is how much of TeX's memory you used:
 380 strings out of 476076
 4014 string characters out of 5793776
 1925187 words of memory out of 5000000
 22575 multiletter control sequences out of 15000+600000
 558069 words of font info for 36 fonts, out of 8000000 for 9000
 14 hyphenation exceptions out of 8191
 12i,0n,15p,1686b,146s stack positions out of 10000i,1000n,20000p,200000b,200000s

No pages of output.
PDF statistics:
 0 PDF objects out of 1000 (max. 8388607)
 0 named destinations out of 1000 (max. 500000)
 1 words of extra memory for PDF output out of 10000 (max. 10000000)

